<?xml version="1.0" encoding="UTF-8"?>
<!-- Generated by org.testng.reporters.JUnitReportReporter -->
<testsuite hostname="hemavijay" failures="0" tests="1" name="practice.SampleTest" time="0.032" errors="0" timestamp="2023-12-19T13:21:24 IST" skipped="0">
  <testcase classname="practice.SampleTest" name="m1" time="0.032"/>
</testsuite> <!-- practice.SampleTest -->
